<?xml version="1.0" encoding="UTF-8"?>
<!-- Generated by org.testng.reporters.JUnitXMLReporter -->
<testsuite ignored="0" hostname="LAPTOP-981QNBKH" failures="0" tests="6" name="Default test" time="38.785" errors="0" timestamp="2022-11-20T16:21:17 IST">
  <testcase classname="com.Assignment.TestCases.TestCases" name="Test1" time="0.82"/>
  <testcase classname="com.Assignment.TestCases.TestCases" name="Test2" time="0.17"/>
  <testcase classname="com.Assignment.TestCases.TestCases" name="Test3" time="1.517"/>
  <testcase classname="com.Assignment.TestCases.TestCases" name="Test4" time="0.17"/>
  <testcase classname="com.Assignment.TestCases.TestCases" name="Test5" time="1.464"/>
  <testcase classname="com.Assignment.TestCases.TestCases" name="Test6" time="0.148"/>
</testsuite> <!-- Default test -->
