<?xml version="1.0" encoding="UTF-8"?>
<testng-results ignored="4" total="6" passed="2" failed="0" skipped="0">
  <reporter-output>
  </reporter-output>
  <suite started-at="2022-11-20T15:46:08 IST" name="Suite" finished-at="2022-11-20T15:46:21 IST" duration-ms="13081">
    <groups>
      <group name="Regression">
        <method signature="TestCases.Test2()[pri:0, instance:com.Assignment.TestCases.TestCases@7d9d0818]" name="Test2" class="com.Assignment.TestCases.TestCases"/>
        <method signature="TestCases.Test4()[pri:0, instance:com.Assignment.TestCases.TestCases@7d9d0818]" name="Test4" class="com.Assignment.TestCases.TestCases"/>
      </group> <!-- Regression -->
    </groups>
    <test started-at="2022-11-20T15:46:08 IST" name="Test" finished-at="2022-11-20T15:46:21 IST" duration-ms="13081">
      <class name="com.Assignment.TestCases.TestCases">
        <test-method is-config="true" signature="LaunchApplication()[pri:0, instance:com.Assignment.TestCases.TestCases@7d9d0818]" started-at="2022-11-20T15:46:08 IST" name="LaunchApplication" finished-at="2022-11-20T15:46:16 IST" duration-ms="8113" status="PASS">
          <reporter-output>
          </reporter-output>
        </test-method> <!-- LaunchApplication -->
        <test-method signature="Test2()[pri:0, instance:com.Assignment.TestCases.TestCases@7d9d0818]" started-at="2022-11-20T15:46:16 IST" name="Test2" finished-at="2022-11-20T15:46:16 IST" duration-ms="209" status="PASS">
          <reporter-output>
          </reporter-output>
        </test-method> <!-- Test2 -->
        <test-method is-config="true" signature="tearDown()[pri:0, instance:com.Assignment.TestCases.TestCases@7d9d0818]" started-at="2022-11-20T15:46:16 IST" name="tearDown" finished-at="2022-11-20T15:46:17 IST" duration-ms="408" status="PASS">
          <reporter-output>
          </reporter-output>
        </test-method> <!-- tearDown -->
        <test-method is-config="true" signature="LaunchApplication()[pri:0, instance:com.Assignment.TestCases.TestCases@7d9d0818]" started-at="2022-11-20T15:46:17 IST" name="LaunchApplication" finished-at="2022-11-20T15:46:20 IST" duration-ms="3659" status="PASS">
          <reporter-output>
          </reporter-output>
        </test-method> <!-- LaunchApplication -->
        <test-method signature="Test4()[pri:0, instance:com.Assignment.TestCases.TestCases@7d9d0818]" started-at="2022-11-20T15:46:20 IST" name="Test4" finished-at="2022-11-20T15:46:20 IST" duration-ms="188" status="PASS">
          <reporter-output>
          </reporter-output>
        </test-method> <!-- Test4 -->
        <test-method is-config="true" signature="tearDown()[pri:0, instance:com.Assignment.TestCases.TestCases@7d9d0818]" started-at="2022-11-20T15:46:20 IST" name="tearDown" finished-at="2022-11-20T15:46:21 IST" duration-ms="399" status="PASS">
          <reporter-output>
          </reporter-output>
        </test-method> <!-- tearDown -->
      </class> <!-- com.Assignment.TestCases.TestCases -->
    </test> <!-- Test -->
  </suite> <!-- Suite -->
</testng-results>
