<?xml version="1.0" encoding="UTF-8"?>
<testng-results ignored="4" total="6" passed="2" failed="0" skipped="0">
  <reporter-output>
  </reporter-output>
  <suite started-at="2022-11-20T10:01:26 IST" name="Suite" finished-at="2022-11-20T10:01:37 IST" duration-ms="10441">
    <groups>
      <group name="Regression">
        <method signature="TestCases.Test2()[pri:0, instance:com.Assignment.TestCases.TestCases@1283bb96]" name="Test2" class="com.Assignment.TestCases.TestCases"/>
        <method signature="TestCases.Test4()[pri:0, instance:com.Assignment.TestCases.TestCases@1283bb96]" name="Test4" class="com.Assignment.TestCases.TestCases"/>
      </group> <!-- Regression -->
    </groups>
    <test started-at="2022-11-20T10:01:26 IST" name="Test" finished-at="2022-11-20T10:01:37 IST" duration-ms="10441">
      <class name="com.Assignment.TestCases.TestCases">
        <test-method is-config="true" signature="LaunchApplication()[pri:0, instance:com.Assignment.TestCases.TestCases@1283bb96]" started-at="2022-11-20T10:01:26 IST" name="LaunchApplication" finished-at="2022-11-20T10:01:32 IST" duration-ms="6192" status="PASS">
          <reporter-output>
          </reporter-output>
        </test-method> <!-- LaunchApplication -->
        <test-method signature="Test2()[pri:0, instance:com.Assignment.TestCases.TestCases@1283bb96]" started-at="2022-11-20T10:01:32 IST" name="Test2" finished-at="2022-11-20T10:01:33 IST" duration-ms="222" status="PASS">
          <reporter-output>
          </reporter-output>
        </test-method> <!-- Test2 -->
        <test-method is-config="true" signature="tearDown()[pri:0, instance:com.Assignment.TestCases.TestCases@1283bb96]" started-at="2022-11-20T10:01:33 IST" name="tearDown" finished-at="2022-11-20T10:01:33 IST" duration-ms="442" status="PASS">
          <reporter-output>
          </reporter-output>
        </test-method> <!-- tearDown -->
        <test-method is-config="true" signature="LaunchApplication()[pri:0, instance:com.Assignment.TestCases.TestCases@1283bb96]" started-at="2022-11-20T10:01:33 IST" name="LaunchApplication" finished-at="2022-11-20T10:01:36 IST" duration-ms="2937" status="PASS">
          <reporter-output>
          </reporter-output>
        </test-method> <!-- LaunchApplication -->
        <test-method signature="Test4()[pri:0, instance:com.Assignment.TestCases.TestCases@1283bb96]" started-at="2022-11-20T10:01:36 IST" name="Test4" finished-at="2022-11-20T10:01:36 IST" duration-ms="164" status="PASS">
          <reporter-output>
          </reporter-output>
        </test-method> <!-- Test4 -->
        <test-method is-config="true" signature="tearDown()[pri:0, instance:com.Assignment.TestCases.TestCases@1283bb96]" started-at="2022-11-20T10:01:36 IST" name="tearDown" finished-at="2022-11-20T10:01:37 IST" duration-ms="390" status="PASS">
          <reporter-output>
          </reporter-output>
        </test-method> <!-- tearDown -->
      </class> <!-- com.Assignment.TestCases.TestCases -->
    </test> <!-- Test -->
  </suite> <!-- Suite -->
</testng-results>
