<?xml version="1.0" encoding="UTF-8"?>
<testng-results ignored="0" total="6" passed="6" failed="0" skipped="0">
  <reporter-output>
  </reporter-output>
  <suite started-at="2022-11-19T11:07:06 IST" name="Suite" finished-at="2022-11-19T11:07:36 IST" duration-ms="30073">
    <groups>
    </groups>
    <test started-at="2022-11-19T11:07:06 IST" name="Test" finished-at="2022-11-19T11:07:36 IST" duration-ms="30073">
      <class name="com.Assignment.TestCases.TestCases">
        <test-method is-config="true" signature="setup()[pri:0, instance:com.Assignment.TestCases.TestCases@689604d9]" started-at="2022-11-19T11:07:07 IST" name="setup" finished-at="2022-11-19T11:07:11 IST" duration-ms="4577" status="PASS">
          <reporter-output>
          </reporter-output>
        </test-method> <!-- setup -->
        <test-method signature="Test1()[pri:0, instance:com.Assignment.TestCases.TestCases@689604d9]" started-at="2022-11-19T11:07:11 IST" name="Test1" finished-at="2022-11-19T11:07:12 IST" duration-ms="589" status="PASS">
          <reporter-output>
          </reporter-output>
        </test-method> <!-- Test1 -->
        <test-method is-config="true" signature="tearDown()[pri:0, instance:com.Assignment.TestCases.TestCases@689604d9]" started-at="2022-11-19T11:07:12 IST" name="tearDown" finished-at="2022-11-19T11:07:12 IST" duration-ms="333" status="PASS">
          <reporter-output>
          </reporter-output>
        </test-method> <!-- tearDown -->
        <test-method is-config="true" signature="setup()[pri:0, instance:com.Assignment.TestCases.TestCases@689604d9]" started-at="2022-11-19T11:07:12 IST" name="setup" finished-at="2022-11-19T11:07:14 IST" duration-ms="2303" status="PASS">
          <reporter-output>
          </reporter-output>
        </test-method> <!-- setup -->
        <test-method signature="Test2()[pri:0, instance:com.Assignment.TestCases.TestCases@689604d9]" started-at="2022-11-19T11:07:14 IST" name="Test2" finished-at="2022-11-19T11:07:15 IST" duration-ms="198" status="PASS">
          <reporter-output>
          </reporter-output>
        </test-method> <!-- Test2 -->
        <test-method is-config="true" signature="tearDown()[pri:0, instance:com.Assignment.TestCases.TestCases@689604d9]" started-at="2022-11-19T11:07:15 IST" name="tearDown" finished-at="2022-11-19T11:07:15 IST" duration-ms="253" status="PASS">
          <reporter-output>
          </reporter-output>
        </test-method> <!-- tearDown -->
        <test-method is-config="true" signature="setup()[pri:0, instance:com.Assignment.TestCases.TestCases@689604d9]" started-at="2022-11-19T11:07:15 IST" name="setup" finished-at="2022-11-19T11:07:17 IST" duration-ms="2205" status="PASS">
          <reporter-output>
          </reporter-output>
        </test-method> <!-- setup -->
        <test-method signature="Test3()[pri:0, instance:com.Assignment.TestCases.TestCases@689604d9]" started-at="2022-11-19T11:07:17 IST" name="Test3" finished-at="2022-11-19T11:07:18 IST" duration-ms="1303" status="PASS">
          <reporter-output>
          </reporter-output>
        </test-method> <!-- Test3 -->
        <test-method is-config="true" signature="tearDown()[pri:0, instance:com.Assignment.TestCases.TestCases@689604d9]" started-at="2022-11-19T11:07:18 IST" name="tearDown" finished-at="2022-11-19T11:07:19 IST" duration-ms="225" status="PASS">
          <reporter-output>
          </reporter-output>
        </test-method> <!-- tearDown -->
        <test-method is-config="true" signature="setup()[pri:0, instance:com.Assignment.TestCases.TestCases@689604d9]" started-at="2022-11-19T11:07:19 IST" name="setup" finished-at="2022-11-19T11:07:21 IST" duration-ms="2502" status="PASS">
          <reporter-output>
          </reporter-output>
        </test-method> <!-- setup -->
        <test-method signature="Test4()[pri:0, instance:com.Assignment.TestCases.TestCases@689604d9]" started-at="2022-11-19T11:07:21 IST" name="Test4" finished-at="2022-11-19T11:07:21 IST" duration-ms="134" status="PASS">
          <reporter-output>
          </reporter-output>
        </test-method> <!-- Test4 -->
        <test-method is-config="true" signature="tearDown()[pri:0, instance:com.Assignment.TestCases.TestCases@689604d9]" started-at="2022-11-19T11:07:21 IST" name="tearDown" finished-at="2022-11-19T11:07:21 IST" duration-ms="222" status="PASS">
          <reporter-output>
          </reporter-output>
        </test-method> <!-- tearDown -->
        <test-method is-config="true" signature="setup()[pri:0, instance:com.Assignment.TestCases.TestCases@689604d9]" started-at="2022-11-19T11:07:21 IST" name="setup" finished-at="2022-11-19T11:07:24 IST" duration-ms="2157" status="PASS">
          <reporter-output>
          </reporter-output>
        </test-method> <!-- setup -->
        <test-method signature="Test5()[pri:0, instance:com.Assignment.TestCases.TestCases@689604d9]" started-at="2022-11-19T11:07:24 IST" name="Test5" finished-at="2022-11-19T11:07:33 IST" duration-ms="9277" status="PASS">
          <reporter-output>
          </reporter-output>
        </test-method> <!-- Test5 -->
        <test-method is-config="true" signature="tearDown()[pri:0, instance:com.Assignment.TestCases.TestCases@689604d9]" started-at="2022-11-19T11:07:33 IST" name="tearDown" finished-at="2022-11-19T11:07:33 IST" duration-ms="392" status="PASS">
          <reporter-output>
          </reporter-output>
        </test-method> <!-- tearDown -->
        <test-method is-config="true" signature="setup()[pri:0, instance:com.Assignment.TestCases.TestCases@689604d9]" started-at="2022-11-19T11:07:33 IST" name="setup" finished-at="2022-11-19T11:07:36 IST" duration-ms="2526" status="PASS">
          <reporter-output>
          </reporter-output>
        </test-method> <!-- setup -->
        <test-method signature="Test6()[pri:0, instance:com.Assignment.TestCases.TestCases@689604d9]" started-at="2022-11-19T11:07:36 IST" name="Test6" finished-at="2022-11-19T11:07:36 IST" duration-ms="180" status="PASS">
          <reporter-output>
          </reporter-output>
        </test-method> <!-- Test6 -->
        <test-method is-config="true" signature="tearDown()[pri:0, instance:com.Assignment.TestCases.TestCases@689604d9]" started-at="2022-11-19T11:07:36 IST" name="tearDown" finished-at="2022-11-19T11:07:36 IST" duration-ms="273" status="PASS">
          <reporter-output>
          </reporter-output>
        </test-method> <!-- tearDown -->
      </class> <!-- com.Assignment.TestCases.TestCases -->
    </test> <!-- Test -->
  </suite> <!-- Suite -->
</testng-results>
